<?xml version="1.0" encoding="UTF-8"?>
<!-- Generated by org.testng.reporters.JUnitXMLReporter -->
<testsuite hostname="LP-5CD8522MGC" ignored="1" name="Test" tests="3" failures="0" timestamp="22 Apr 2020 04:56:42 GMT" time="0.068" errors="0">
  <testcase name="testCase1" time="0.019" classname="TestNG_Examples.TestNG_Annotations"/>
  <testcase name="testCase1" time="0.003" classname="TestNG_Examples.TestNG_Annotations"/>
  <testcase name="testCase3" time="0.002" classname="TestNG_Examples.TestNG_Annotations"/>
  <testcase name="testCase2" time="0.0" classname="TestNG_Examples.TestNG_Annotations">
    <ignored/>
  </testcase> <!-- testCase2 -->
</testsuite> <!-- Test -->
