<?xml version="1.0" encoding="UTF-8"?>
<testng-results skipped="0" failed="0" ignored="0" total="0" passed="0">
  <reporter-output>
  </reporter-output>
  <suite name="Demo_Maven.Demo_Maven_1.AppTest" duration-ms="6" started-at="2020-04-22T04:05:37Z" finished-at="2020-04-22T04:05:37Z">
    <groups>
    </groups>
    <test name="Command line test" duration-ms="6" started-at="2020-04-22T04:05:37Z" finished-at="2020-04-22T04:05:37Z">
    </test> <!-- Command line test -->
  </suite> <!-- Demo_Maven.Demo_Maven_1.AppTest -->
</testng-results>
