<?xml version="1.0" encoding="UTF-8"?>
<testng-results skipped="0" failed="0" ignored="0" total="1" passed="1">
  <reporter-output>
  </reporter-output>
  <suite name="Default suite" duration-ms="62" started-at="2021-05-13T10:23:30Z" finished-at="2021-05-13T10:23:30Z">
    <groups>
    </groups>
    <test name="Default test" duration-ms="62" started-at="2021-05-13T10:23:30Z" finished-at="2021-05-13T10:23:30Z">
      <class name="TestNG_Examples.Assertions_practice">
        <test-method status="PASS" signature="assertNotNull()[pri:0, instance:TestNG_Examples.Assertions_practice@23ceabc1]" name="assertNotNull" duration-ms="19" started-at="2021-05-13T15:53:30Z" finished-at="2021-05-13T15:53:30Z">
          <reporter-output>
          </reporter-output>
        </test-method> <!-- assertNotNull -->
      </class> <!-- TestNG_Examples.Assertions_practice -->
    </test> <!-- Default test -->
  </suite> <!-- Default suite -->
</testng-results>
